app/build/outputs/mapping/release/seeds.txt
com.audiopro.djmrec.usb.AudioStreamingInterfaceInfo
com.audiopro.djmrec.audio.RecordingState$Error
com.audiopro.djmrec.audio.RecordingState$Preparing
com.audiopro.djmrec.audio.AudioEngine
com.audiopro.djmrec.usb.UsbIsoCaptureHandle
com.audiopro.djmrec.audio.RecordingFormat
com.audiopro.djmrec.audio.RecordingState
com.audiopro.djmrec.usb.UsbAudioDeviceInfo
com.audiopro.djmrec.audio.ChannelLevel
com.audiopro.djmrec.usb.UsbAudioManager$Companion
com.audiopro.djmrec.usb.UsbAudioManager$usbDeviceReceiver$1
com.audiopro.djmrec.audio.BitDepth
com.audiopro.djmrec.usb.UsbAudioManager$permissionReceiver$1
com.audiopro.djmrec.audio.RecordingState$Idle
com.audiopro.djmrec.audio.RecordingState$Paused
com.audiopro.djmrec.usb.UsbAudioDescriptorParser$selectBestStereoInterface$$inlined$thenBy$2
com.audiopro.djmrec.audio.StereoLevels
com.audiopro.djmrec.usb.RootUsbHostController$CommandResult
com.audiopro.djmrec.service.RecordingService
com.audiopro.djmrec.usb.RootUsbHostController
com.audiopro.djmrec.usb.PioneerVendorControl
com.audiopro.djmrec.usb.UsbAudioDescriptorParser$selectBestStereoInterface$$inlined$compareBy$1
com.audiopro.djmrec.MainActivity
com.audiopro.djmrec.usb.UsbAudioDescriptorParser
com.audiopro.djmrec.usb.UsbAudioManager
com.audiopro.djmrec.audio.RecordingState$Recording
com.audiopro.djmrec.DjmRecApplication
com.audiopro.djmrec.usb.UsbAudioDescriptorParser$selectBestStereoInterface$$inlined$thenBy$1
com.audiopro.djmrec.usb.PioneerVendorControl: int $stable
com.audiopro.djmrec.usb.UsbAudioDeviceInfo: int activeAlternateSetting
com.audiopro.djmrec.usb.UsbAudioDescriptorParser: com.audiopro.djmrec.usb.UsbAudioDescriptorParser INSTANCE
com.audiopro.djmrec.usb.UsbAudioManager: android.content.Context context
com.audiopro.djmrec.usb.UsbAudioDescriptorParser: int SUBCLASS_AUDIOSTREAMING
com.audiopro.djmrec.audio.StereoLevels: int $stable
com.audiopro.djmrec.audio.AudioEngine: int $stable
com.audiopro.djmrec.audio.RecordingFormat: com.audiopro.djmrec.audio.RecordingFormat FLAC
com.audiopro.djmrec.usb.PioneerVendorControl: int UNVERIFIED_REQUEST_REROUTE_REC_OUT
com.audiopro.djmrec.usb.UsbIsoCaptureHandle: int maxPacketSize
com.audiopro.djmrec.audio.RecordingState$Paused: int $stable
com.audiopro.djmrec.usb.RootUsbHostController$CommandResult: boolean timedOut
com.audiopro.djmrec.audio.AudioEngine: com.audiopro.djmrec.audio.AudioEngine INSTANCE
com.audiopro.djmrec.usb.UsbAudioManager: java.lang.String TAG
com.audiopro.djmrec.usb.UsbIsoCaptureHandle: int interfaceNumber
com.audiopro.djmrec.usb.UsbIsoCaptureHandle: int bitResolution
com.audiopro.djmrec.usb.UsbAudioDescriptorParser: int ENDPOINT_ATTR_TRANSFER_TYPE_ISOCHRONOUS
com.audiopro.djmrec.usb.UsbAudioManager$usbDeviceReceiver$1: com.audiopro.djmrec.usb.UsbAudioManager this$0
com.audiopro.djmrec.usb.UsbIsoCaptureHandle: int alternateSetting
com.audiopro.djmrec.audio.BitDepth: com.audiopro.djmrec.audio.BitDepth PCM_24
com.audiopro.djmrec.audio.RecordingFormat: java.lang.String extension
com.audiopro.djmrec.usb.UsbAudioManager: kotlinx.coroutines.flow.StateFlow deviceState
com.audiopro.djmrec.usb.UsbAudioDescriptorParser: int DT_INTERFACE
com.audiopro.djmrec.usb.UsbAudioManager: com.audiopro.djmrec.usb.UsbAudioManager$permissionReceiver$1 permissionReceiver
com.audiopro.djmrec.usb.UsbAudioManager: boolean rootModeEnabled
com.audiopro.djmrec.usb.AudioStreamingInterfaceInfo: int bitResolution
com.audiopro.djmrec.usb.UsbAudioDescriptorParser: int DT_ENDPOINT
com.audiopro.djmrec.audio.RecordingState$Paused: com.audiopro.djmrec.audio.RecordingState$Paused INSTANCE
com.audiopro.djmrec.audio.RecordingState: int $stable
com.audiopro.djmrec.usb.PioneerVendorControl: int REQUEST_TYPE_VENDOR_OUT
com.audiopro.djmrec.usb.UsbAudioDeviceInfo: java.lang.String productName
com.audiopro.djmrec.audio.ChannelLevel: float peakDb
com.audiopro.djmrec.audio.ChannelLevel: boolean isClipping
com.audiopro.djmrec.audio.RecordingFormat: com.audiopro.djmrec.audio.RecordingFormat WAV
...
androidx.compose.ui.platform.AndroidComposeView: void setLastMatrixRecalculationAnimationTime$ui_release(long)
androidx.core.view.WindowInsetsCompat$Impl20: androidx.core.graphics.Insets getRootStableInsets()
androidx.core.view.accessibility.AccessibilityNodeInfoCompat$Api34Impl: void getBoundsInWindow(android.view.accessibility.AccessibilityNodeInfo,android.graphics.Rect)
androidx.compose.ui.autofill.AutofillType: androidx.compose.ui.autofill.AutofillType[] values()
androidx.compose.ui.graphics.ColorSpaceVerificationHelper: android.graphics.ColorSpace androidColorSpace(androidx.compose.ui.graphics.colorspace.ColorSpace)
androidx.core.view.ViewCompat$Api30Impl: boolean isImportantForContentCapture(android.view.View)
androidx.core.view.WindowInsetsCompat$BuilderImpl: androidx.core.view.WindowInsetsCompat build()
androidx.core.view.WindowInsetsCompat$Impl: int hashCode()
androidx.core.view.ViewCompat$Api21Impl$1: ViewCompat$Api21Impl$1(android.view.View,androidx.core.view.OnApplyWindowInsetsListener)
androidx.core.graphics.drawable.IconCompatParcelizer: IconCompatParcelizer()
androidx.compose.ui.autofill.AutofillApi26Helper: android.view.autofill.AutofillId getAutofillId(android.view.ViewStructure)
androidx.compose.ui.text.style.ResolvedTextDirection: androidx.compose.ui.text.style.ResolvedTextDirection[] values()
androidx.compose.ui.platform.ViewLayerVerificationHelper28: void setOutlineAmbientShadowColor(android.view.View,int)
androidx.compose.ui.platform.TextToolbarStatus: androidx.compose.ui.platform.TextToolbarStatus valueOf(java.lang.String)
androidx.core.app.RemoteInput$Api20Impl: android.os.Bundle getResultsFromIntent(android.content.Intent)
androidx.core.view.WindowInsetsCompat$Impl20: boolean equals(java.lang.Object)
androidx.core.app.AppOpsManagerCompat$Api29Impl: android.app.AppOpsManager getSystemService(android.content.Context)
androidx.core.app.NotificationChannelCompat$Api26Impl: java.lang.CharSequence getName(android.app.NotificationChannel)
androidx.core.graphics.drawable.IconCompat$Api26Impl: android.graphics.drawable.Icon createWithAdaptiveBitmap(android.graphics.Bitmap)
androidx.compose.animation.core.MutatePriority: androidx.compose.animation.core.MutatePriority[] values()
androidx.compose.ui.platform.AbstractComposeView: void setShowLayoutBounds(boolean)
androidx.core.view.WindowInsetsCompat$Impl: androidx.core.view.DisplayCutoutCompat getDisplayCutout()
kotlin.random.Random: Random()
androidx.lifecycle.ReportFragment$LifecycleCallbacks: void onActivityPreDestroyed(android.app.Activity)
androidx.compose.foundation.layout.Direction: androidx.compose.foundation.layout.Direction[] values()
androidx.compose.ui.platform.coreshims.ContentCaptureSessionCompat$Api34Impl: void notifyViewsAppeared(android.view.contentcapture.ContentCaptureSession,java.util.List)
androidx.core.view.WindowInsetsCompat$Impl: androidx.core.graphics.Insets getStableInsets()
androidx.core.view.accessibility.AccessibilityNodeInfoCompat$Api34Impl: void setQueryFromAppProcessEnabled(android.view.accessibility.AccessibilityNodeInfo,android.view.View,boolean)
androidx.core.view.WindowInsetsCompat$Impl29: androidx.core.graphics.Insets getTappableElementInsets()
androidx.compose.ui.text.android.StaticLayoutFactoryImpl: android.text.StaticLayout create(androidx.compose.ui.text.android.StaticLayoutParams)
androidx.core.app.ServiceCompat$Api29Impl: void startForeground(android.app.Service,int,android.app.Notification,int)
androidx.core.view.ViewCompat$Api21Impl: boolean dispatchNestedPreScroll(android.view.View,int,int,int[],int[])
androidx.core.view.WindowInsetsCompat$Impl28: androidx.core.view.WindowInsetsCompat consumeDisplayCutout()
androidx.core.view.ViewCompat$Api20Impl: android.view.WindowInsets dispatchApplyWindowInsets(android.view.View,android.view.WindowInsets)
androidx.core.view.WindowInsetsCompat$Impl28: WindowInsetsCompat$Impl28(androidx.core.view.WindowInsetsCompat,androidx.core.view.WindowInsetsCompat$Impl28)