app/build/outputs/mapping/release/usage.txt
com.audiopro.djmrec.BuildConfig
com.audiopro.djmrec.R$drawable:
    public static int ic_launcher_background
    public static int ic_launcher_foreground
    private void <init>()
com.audiopro.djmrec.R$mipmap
com.audiopro.djmrec.R$string:
    public static int action_record
    public static int app_name
    public static int status_device_connected
    public static int status_permission_denied
    public static int usb_permission_action
    private void <init>()
com.audiopro.djmrec.R$style
com.audiopro.djmrec.R$xml
com.audiopro.djmrec.R
com.audiopro.djmrec.diagnostics.LogExporter:
    public static final int $stable
    private static final java.lang.String KEY_ROOT_USB_MODE
    private static final java.lang.String PREFS_NAME
    private static final java.lang.String TAG
com.audiopro.djmrec.service.RecordingService:
    public static final java.lang.String ACTION_PAUSE
    public static final java.lang.String ACTION_RESUME
    public static final java.lang.String ACTION_START
    public static final java.lang.String ACTION_STOP
    public static final int CAPTURE_MODE_AAUDIO
    public static final int CAPTURE_MODE_USB_ISO
    private static final java.lang.String CHANNEL_ID
    public static final java.lang.String EXTRA_BIT_DEPTH
    public static final java.lang.String EXTRA_CAPTURE_MODE
    public static final java.lang.String EXTRA_CHANNEL_COUNT
    public static final java.lang.String EXTRA_DEVICE_ID
    public static final java.lang.String EXTRA_FORMAT
    public static final java.lang.String EXTRA_SAMPLE_RATE
    public static final java.lang.String EXTRA_USB_ALT_SETTING
    public static final java.lang.String EXTRA_USB_CHANNEL_OFFSET
    public static final java.lang.String EXTRA_USB_ENDPOINT
    public static final java.lang.String EXTRA_USB_FD
    public static final java.lang.String EXTRA_USB_INTERFACE
    public static final java.lang.String EXTRA_USB_MAX_PACKET_SIZE
    public static final java.lang.String EXTRA_USB_SUBFRAME_SIZE
    public static final java.lang.String EXTRA_USB_TOTAL_CHANNELS
    private static final long METER_UPDATE_INTERVAL_MS
    private static final int NOTIFICATION_ID
    private static final long NOTIFICATION_UPDATE_INTERVAL_MS
com.audiopro.djmrec.ui.MainViewModel:
    private static final java.lang.String KEY_ROOT_USB_MODE
    private static final java.lang.String PREFS_NAME
com.audiopro.djmrec.ui.components.VuMeterKt:
    private static final long CLIP_LATCH_MS
    private static final float METER_CEILING_DB
    private static final float METER_FLOOR_DB
com.audiopro.djmrec.DjmRecApplication:
    public static final int $stable
    static void <clinit>()
    public final com.audiopro.djmrec.usb.UsbAudioManager getUsbAudioManager()
com.audiopro.djmrec.MainActivity$$InternalSyntheticLambda$1$acbb8fccf637136b77cd29671b5d715b8ce525ec83d3a433fca02260f3ba48c3$0:
    public static void onActivityResult(java.lang.Object)
com.audiopro.djmrec.MainActivity$onCreate$1$1:
    public final void invoke$4()
com.audiopro.djmrec.MainActivity$onCreate$1:
    public final void invoke$4()
com.audiopro.djmrec.MainActivity$special$$inlined$viewModels$default$1:
    public static androidx.lifecycle.ViewModelProvider$Factory invoke()
com.audiopro.djmrec.MainActivity$special$$inlined$viewModels$default$2:
    public static androidx.lifecycle.ViewModelStore invoke()
com.audiopro.djmrec.MainActivity$special$$inlined$viewModels$default$3:
    public final synthetic kotlin.jvm.functions.Function0 $extrasProducer
    public static androidx.lifecycle.viewmodel.CreationExtras invoke()
com.audiopro.djmrec.MainActivity:
    public static final int $stable
    static void <clinit>()
    public static com.audiopro.djmrec.ui.MainViewModel getViewModel()
    public static void requestRuntimePermissions()
com.audiopro.djmrec.R$drawable
com.audiopro.djmrec.R$string
com.audiopro.djmrec.audio.ChannelLevel:
    static void <clinit>()
com.audiopro.djmrec.audio.RecordingState$Error:
    static void <clinit>()
...
androidx.compose.material.icons.rounded.DocumentScannerKt
androidx.compose.material.icons.rounded.DomainAddKt
androidx.compose.material.icons.rounded.DomainDisabledKt
androidx.compose.material.icons.rounded.DomainKt
androidx.compose.material.icons.rounded.DomainVerificationKt
androidx.compose.material.icons.rounded.DoneAllKt
androidx.compose.material.icons.rounded.DoneKt
androidx.compose.material.icons.rounded.DoneOutlineKt
androidx.compose.material.icons.rounded.DonutLargeKt
androidx.compose.material.icons.rounded.DonutSmallKt
androidx.compose.material.icons.rounded.DoorBackKt
androidx.compose.material.icons.rounded.DoorFrontKt
androidx.compose.material.icons.rounded.DoorSlidingKt
androidx.compose.material.icons.rounded.DoorbellKt
androidx.compose.material.icons.rounded.DoubleArrowKt
androidx.compose.material.icons.rounded.DownhillSkiingKt
androidx.compose.material.icons.rounded.DownloadDoneKt
androidx.compose.material.icons.rounded.DownloadForOfflineKt
androidx.compose.material.icons.rounded.DownloadKt
androidx.compose.material.icons.rounded.DownloadingKt
androidx.compose.material.icons.rounded.DraftsKt
androidx.compose.material.icons.rounded.DragHandleKt
androidx.compose.material.icons.rounded.DragIndicatorKt
androidx.compose.material.icons.rounded.DrawKt
androidx.compose.material.icons.rounded.DriveEtaKt
androidx.compose.material.icons.rounded.DriveFileMoveKt
androidx.compose.material.icons.rounded.DriveFileMoveRtlKt
androidx.compose.material.icons.rounded.DriveFileRenameOutlineKt
androidx.compose.material.icons.rounded.DriveFolderUploadKt
androidx.compose.material.icons.rounded.DryCleaningKt
androidx.compose.material.icons.rounded.DryKt
androidx.compose.material.icons.rounded.DuoKt
androidx.compose.material.icons.rounded.DvrKt
androidx.compose.material.icons.rounded.DynamicFeedKt
androidx.compose.material.icons.rounded.DynamicFormKt
androidx.compose.material.icons.rounded.EMobiledataKt
androidx.compose.material.icons.rounded.EarbudsBatteryKt
androidx.compose.material.icons.rounded.EarbudsKt
androidx.compose.material.icons.rounded.EastKt
androidx.compose.material.icons.rounded.EcoKt
androidx.compose.material.icons.rounded.EdgesensorHighKt
androidx.compose.material.icons.rounded.EdgesensorLowKt
androidx.compose.material.icons.rounded.EditAttributesKt
androidx.compose.material.icons.rounded.EditCalendarKt
androidx.compose.material.icons.rounded.EditKt
androidx.compose.material.icons.rounded.EditLocationAltKt
androidx.compose.material.icons.rounded.EditLocationKt
androidx.compose.material.icons.rounded.EditNoteKt
androidx.compose.material.icons.rounded.EditNotificationsKt
androidx.compose.material.icons.rounded.EditOffKt
androidx.compose.material.icons.rounded.EditRoadKt
androidx.compose.material.icons.rounded.EggAltKt
androidx.compose.material.icons.rounded.EggKt
androidx.compose.material.icons.rounded.EjectKt
androidx.compose.material.icons.rounded.ElderlyKt
androidx.compose.material.icons.rounded.ElderlyWomanKt
androidx.compose.material.icons.rounded.ElectricBikeKt
androidx.compose.material.icons.rounded.ElectricBoltKt
androidx.compose.material.icons.rounded.ElectricCarKt
androidx.compose.material.icons.rounded.ElectricMeterKt
androidx.compose.material.icons.rounded.ElectricMopedKt
androidx.compose.material.icons.rounded.ElectricRickshawKt
androidx.compose.material.icons.rounded.ElectricScooterKt
androidx.compose.material.icons.rounded.ElectricalServicesKt
androidx.compose.material.icons.rounded.ElevatorKt
androidx.compose.material.icons.rounded.EmailKt
androidx.compose.material.icons.rounded.EmergencyKt
androidx.compose.material.icons.rounded.EmergencyRecordingKt
androidx.compose.material.icons.rounded.EmergencyShareKt
androidx.compose.material.icons.rounded.EmojiEmotionsKt
androidx.compose.material.icons.rounded.EmojiEventsKt
androidx.compose.material.icons.rounded.EmojiFlagsKt
androidx.compose.material.icons.rounded.EmojiFoodBeverageKt
androidx.compose.material.icons.rounded.EmojiNatureKt